<?xml version="1.0" encoding="utf-8"?><testsuites name="pytest tests"><testsuite name="pytest" errors="0" failures="0" skipped="0" tests="4" time="0.366" timestamp="2026-06-17T21:54:13.795031-04:00" hostname="aqs-lab-a-31"><testcase classname="test_ia_gerado" name="test_saldo_conta_existente" time="0.218" /><testcase classname="test_ia_gerado" name="test_saldo_conta_inexistente" time="0.001" /><testcase classname="test_ia_gerado" name="test_transferencia_valida" time="0.001" /><testcase classname="test_ia_gerado" name="test_transferencia_saldo_insuficiente" time="0.001" /></testsuite></testsuites>